2018-07-25 19:20:23.998  INFO 10267 --- [main] com.gxf.Application                      : Starting Application on admindeMacBook-Pro-4.local with PID 10267 (/Users/gxf/IdeaProjects/SpringBootDemo/target/classes started by gxf in /Users/gxf/IdeaProjects/SpringBootDemo)
2018-07-25 19:20:24.003  INFO 10267 --- [main] com.gxf.Application                      : No active profile set, falling back to default profiles: default
2018-07-25 19:20:24.097  INFO 10267 --- [main] ationConfigEmbeddedWebApplicationContext : Refreshing org.springframework.boot.context.embedded.AnnotationConfigEmbeddedWebApplicationContext@15bb6bea: startup date [Wed Jul 25 19:20:24 CST 2018]; root of context hierarchy
2018-07-25 19:20:25.799  INFO 10267 --- [main] s.b.c.e.t.TomcatEmbeddedServletContainer : Tomcat initialized with port(s): 8080 (http)
2018-07-25 19:20:25.814  INFO 10267 --- [main] o.apache.catalina.core.StandardService   : Starting service [Tomcat]
2018-07-25 19:20:25.815  INFO 10267 --- [main] org.apache.catalina.core.StandardEngine  : Starting Servlet Engine: Apache Tomcat/8.5.27
2018-07-25 19:20:25.931  INFO 10267 --- [localhost-startStop-1] o.a.c.c.C.[Tomcat].[localhost].[/]       : Initializing Spring embedded WebApplicationContext
2018-07-25 19:20:25.931  INFO 10267 --- [localhost-startStop-1] o.s.web.context.ContextLoader            : Root WebApplicationContext: initialization completed in 1837 ms
2018-07-25 19:20:26.104  INFO 10267 --- [localhost-startStop-1] o.s.b.w.servlet.ServletRegistrationBean  : Mapping servlet: 'dispatcherServlet' to [/]
2018-07-25 19:20:26.107  INFO 10267 --- [localhost-startStop-1] o.s.b.w.servlet.FilterRegistrationBean   : Mapping filter: 'characterEncodingFilter' to: [/*]
2018-07-25 19:20:26.108  INFO 10267 --- [localhost-startStop-1] o.s.b.w.servlet.FilterRegistrationBean   : Mapping filter: 'hiddenHttpMethodFilter' to: [/*]
2018-07-25 19:20:26.108  INFO 10267 --- [localhost-startStop-1] o.s.b.w.servlet.FilterRegistrationBean   : Mapping filter: 'httpPutFormContentFilter' to: [/*]
2018-07-25 19:20:26.108  INFO 10267 --- [localhost-startStop-1] o.s.b.w.servlet.FilterRegistrationBean   : Mapping filter: 'requestContextFilter' to: [/*]
2018-07-25 19:20:26.775  INFO 10267 --- [main] s.w.s.m.m.a.RequestMappingHandlerAdapter : Looking for @ControllerAdvice: org.springframework.boot.context.embedded.AnnotationConfigEmbeddedWebApplicationContext@15bb6bea: startup date [Wed Jul 25 19:20:24 CST 2018]; root of context hierarchy
2018-07-25 19:20:26.843  INFO 10267 --- [main] s.w.s.m.m.a.RequestMappingHandlerMapping : Mapped "{[/]}" onto public java.lang.String com.gxf.controller.HelloController.index(javax.servlet.http.HttpServletRequest)
2018-07-25 19:20:26.844  INFO 10267 --- [main] s.w.s.m.m.a.RequestMappingHandlerMapping : Mapped "{[/redirect]}" onto public java.lang.String com.gxf.controller.HelloController.redirec()
2018-07-25 19:20:26.846  INFO 10267 --- [main] s.w.s.m.m.a.RequestMappingHandlerMapping : Mapped "{[/error]}" onto public org.springframework.http.ResponseEntity<java.util.Map<java.lang.String, java.lang.Object>> org.springframework.boot.autoconfigure.web.BasicErrorController.error(javax.servlet.http.HttpServletRequest)
2018-07-25 19:20:26.847  INFO 10267 --- [main] s.w.s.m.m.a.RequestMappingHandlerMapping : Mapped "{[/error],produces=[text/html]}" onto public org.springframework.web.servlet.ModelAndView org.springframework.boot.autoconfigure.web.BasicErrorController.errorHtml(javax.servlet.http.HttpServletRequest,javax.servlet.http.HttpServletResponse)
2018-07-25 19:20:26.892  INFO 10267 --- [main] o.s.w.s.handler.SimpleUrlHandlerMapping  : Mapped URL path [/webjars/**] onto handler of type [class org.springframework.web.servlet.resource.ResourceHttpRequestHandler]
2018-07-25 19:20:26.892  INFO 10267 --- [main] o.s.w.s.handler.SimpleUrlHandlerMapping  : Mapped URL path [/**] onto handler of type [class org.springframework.web.servlet.resource.ResourceHttpRequestHandler]
2018-07-25 19:20:26.926  INFO 10267 --- [main] o.s.w.s.handler.SimpleUrlHandlerMapping  : Mapped URL path [/**/favicon.ico] onto handler of type [class org.springframework.web.servlet.resource.ResourceHttpRequestHandler]
2018-07-25 19:20:27.243  INFO 10267 --- [main] o.s.j.e.a.AnnotationMBeanExporter        : Registering beans for JMX exposure on startup
2018-07-25 19:20:27.327  INFO 10267 --- [main] s.b.c.e.t.TomcatEmbeddedServletContainer : Tomcat started on port(s): 8080 (http)
2018-07-25 19:20:27.336  INFO 10267 --- [main] com.gxf.Application                      : Started Application in 4.001 seconds (JVM running for 4.485)
2018-07-25 19:21:24.948  INFO 10267 --- [Thread-3] ationConfigEmbeddedWebApplicationContext : Closing org.springframework.boot.context.embedded.AnnotationConfigEmbeddedWebApplicationContext@15bb6bea: startup date [Wed Jul 25 19:20:24 CST 2018]; root of context hierarchy
2018-07-25 19:21:24.950  INFO 10267 --- [Thread-3] o.s.j.e.a.AnnotationMBeanExporter        : Unregistering JMX-exposed beans on shutdown
2018-07-25 19:21:27.980  INFO 10278 --- [main] com.gxf.Application                      : Starting Application on admindeMacBook-Pro-4.local with PID 10278 (/Users/gxf/IdeaProjects/SpringBootDemo/target/classes started by gxf in /Users/gxf/IdeaProjects/SpringBootDemo)
2018-07-25 19:21:27.982  INFO 10278 --- [main] com.gxf.Application                      : No active profile set, falling back to default profiles: default
2018-07-25 19:21:28.047  INFO 10278 --- [main] ationConfigEmbeddedWebApplicationContext : Refreshing org.springframework.boot.context.embedded.AnnotationConfigEmbeddedWebApplicationContext@15bb6bea: startup date [Wed Jul 25 19:21:28 CST 2018]; root of context hierarchy
2018-07-25 19:21:29.682  INFO 10278 --- [main] s.b.c.e.t.TomcatEmbeddedServletContainer : Tomcat initialized with port(s): 8080 (http)
2018-07-25 19:21:29.693  INFO 10278 --- [main] o.apache.catalina.core.StandardService   : Starting service [Tomcat]
2018-07-25 19:21:29.694  INFO 10278 --- [main] org.apache.catalina.core.StandardEngine  : Starting Servlet Engine: Apache Tomcat/8.5.27
2018-07-25 19:21:29.801  INFO 10278 --- [localhost-startStop-1] o.a.c.c.C.[Tomcat].[localhost].[/]       : Initializing Spring embedded WebApplicationContext
2018-07-25 19:21:29.802  INFO 10278 --- [localhost-startStop-1] o.s.web.context.ContextLoader            : Root WebApplicationContext: initialization completed in 1757 ms
2018-07-25 19:21:29.936  INFO 10278 --- [localhost-startStop-1] o.s.b.w.servlet.ServletRegistrationBean  : Mapping servlet: 'dispatcherServlet' to [/]
2018-07-25 19:21:29.939  INFO 10278 --- [localhost-startStop-1] o.s.b.w.servlet.FilterRegistrationBean   : Mapping filter: 'characterEncodingFilter' to: [/*]
2018-07-25 19:21:29.940  INFO 10278 --- [localhost-startStop-1] o.s.b.w.servlet.FilterRegistrationBean   : Mapping filter: 'hiddenHttpMethodFilter' to: [/*]
2018-07-25 19:21:29.940  INFO 10278 --- [localhost-startStop-1] o.s.b.w.servlet.FilterRegistrationBean   : Mapping filter: 'httpPutFormContentFilter' to: [/*]
2018-07-25 19:21:29.940  INFO 10278 --- [localhost-startStop-1] o.s.b.w.servlet.FilterRegistrationBean   : Mapping filter: 'requestContextFilter' to: [/*]
2018-07-25 19:21:30.544  INFO 10278 --- [main] s.w.s.m.m.a.RequestMappingHandlerAdapter : Looking for @ControllerAdvice: org.springframework.boot.context.embedded.AnnotationConfigEmbeddedWebApplicationContext@15bb6bea: startup date [Wed Jul 25 19:21:28 CST 2018]; root of context hierarchy
2018-07-25 19:21:30.600  INFO 10278 --- [main] s.w.s.m.m.a.RequestMappingHandlerMapping : Mapped "{[/]}" onto public java.lang.String com.gxf.controller.HelloController.index(javax.servlet.http.HttpServletRequest)
2018-07-25 19:21:30.601  INFO 10278 --- [main] s.w.s.m.m.a.RequestMappingHandlerMapping : Mapped "{[/redirect]}" onto public java.lang.String com.gxf.controller.HelloController.redirec()
2018-07-25 19:21:30.603  INFO 10278 --- [main] s.w.s.m.m.a.RequestMappingHandlerMapping : Mapped "{[/error]}" onto public org.springframework.http.ResponseEntity<java.util.Map<java.lang.String, java.lang.Object>> org.springframework.boot.autoconfigure.web.BasicErrorController.error(javax.servlet.http.HttpServletRequest)
2018-07-25 19:21:30.604  INFO 10278 --- [main] s.w.s.m.m.a.RequestMappingHandlerMapping : Mapped "{[/error],produces=[text/html]}" onto public org.springframework.web.servlet.ModelAndView org.springframework.boot.autoconfigure.web.BasicErrorController.errorHtml(javax.servlet.http.HttpServletRequest,javax.servlet.http.HttpServletResponse)
2018-07-25 19:21:30.654  INFO 10278 --- [main] o.s.w.s.handler.SimpleUrlHandlerMapping  : Mapped URL path [/webjars/**] onto handler of type [class org.springframework.web.servlet.resource.ResourceHttpRequestHandler]
2018-07-25 19:21:30.655  INFO 10278 --- [main] o.s.w.s.handler.SimpleUrlHandlerMapping  : Mapped URL path [/**] onto handler of type [class org.springframework.web.servlet.resource.ResourceHttpRequestHandler]
2018-07-25 19:21:30.701  INFO 10278 --- [main] o.s.w.s.handler.SimpleUrlHandlerMapping  : Mapped URL path [/**/favicon.ico] onto handler of type [class org.springframework.web.servlet.resource.ResourceHttpRequestHandler]
2018-07-25 19:21:30.994  INFO 10278 --- [main] o.s.j.e.a.AnnotationMBeanExporter        : Registering beans for JMX exposure on startup
2018-07-25 19:21:31.055  INFO 10278 --- [main] s.b.c.e.t.TomcatEmbeddedServletContainer : Tomcat started on port(s): 8080 (http)
2018-07-25 19:21:31.063  INFO 10278 --- [main] com.gxf.Application                      : Started Application in 3.377 seconds (JVM running for 3.821)
2018-07-25 19:21:35.470  INFO 10278 --- [Thread-3] ationConfigEmbeddedWebApplicationContext : Closing org.springframework.boot.context.embedded.AnnotationConfigEmbeddedWebApplicationContext@15bb6bea: startup date [Wed Jul 25 19:21:28 CST 2018]; root of context hierarchy
2018-07-25 19:21:35.471  INFO 10278 --- [Thread-3] o.s.j.e.a.AnnotationMBeanExporter        : Unregistering JMX-exposed beans on shutdown
2018-07-25 19:22:57.538  INFO 10293 --- [main] com.gxf.Application                      : Starting Application on admindeMacBook-Pro-4.local with PID 10293 (/Users/gxf/IdeaProjects/SpringBootDemo/target/classes started by gxf in /Users/gxf/IdeaProjects/SpringBootDemo)
2018-07-25 19:22:57.542  INFO 10293 --- [main] com.gxf.Application                      : No active profile set, falling back to default profiles: default
2018-07-25 19:22:57.626  INFO 10293 --- [main] ationConfigEmbeddedWebApplicationContext : Refreshing org.springframework.boot.context.embedded.AnnotationConfigEmbeddedWebApplicationContext@15bb6bea: startup date [Wed Jul 25 19:22:57 CST 2018]; root of context hierarchy
2018-07-25 19:22:59.186  INFO 10293 --- [main] s.b.c.e.t.TomcatEmbeddedServletContainer : Tomcat initialized with port(s): 8080 (http)
2018-07-25 19:22:59.197  INFO 10293 --- [main] o.apache.catalina.core.StandardService   : Starting service [Tomcat]
2018-07-25 19:22:59.198  INFO 10293 --- [main] org.apache.catalina.core.StandardEngine  : Starting Servlet Engine: Apache Tomcat/8.5.27
2018-07-25 19:22:59.297  INFO 10293 --- [localhost-startStop-1] o.a.c.c.C.[Tomcat].[localhost].[/]       : Initializing Spring embedded WebApplicationContext
2018-07-25 19:22:59.298  INFO 10293 --- [localhost-startStop-1] o.s.web.context.ContextLoader            : Root WebApplicationContext: initialization completed in 1676 ms
2018-07-25 19:22:59.553  INFO 10293 --- [localhost-startStop-1] o.s.b.w.servlet.ServletRegistrationBean  : Mapping servlet: 'dispatcherServlet' to [/]
2018-07-25 19:22:59.560  INFO 10293 --- [localhost-startStop-1] o.s.b.w.servlet.FilterRegistrationBean   : Mapping filter: 'characterEncodingFilter' to: [/*]
2018-07-25 19:22:59.561  INFO 10293 --- [localhost-startStop-1] o.s.b.w.servlet.FilterRegistrationBean   : Mapping filter: 'hiddenHttpMethodFilter' to: [/*]
2018-07-25 19:22:59.561  INFO 10293 --- [localhost-startStop-1] o.s.b.w.servlet.FilterRegistrationBean   : Mapping filter: 'httpPutFormContentFilter' to: [/*]
2018-07-25 19:22:59.561  INFO 10293 --- [localhost-startStop-1] o.s.b.w.servlet.FilterRegistrationBean   : Mapping filter: 'requestContextFilter' to: [/*]
2018-07-25 19:23:00.285  INFO 10293 --- [main] s.w.s.m.m.a.RequestMappingHandlerAdapter : Looking for @ControllerAdvice: org.springframework.boot.context.embedded.AnnotationConfigEmbeddedWebApplicationContext@15bb6bea: startup date [Wed Jul 25 19:22:57 CST 2018]; root of context hierarchy
2018-07-25 19:23:00.396  INFO 10293 --- [main] s.w.s.m.m.a.RequestMappingHandlerMapping : Mapped "{[/]}" onto public java.lang.String com.gxf.controller.HelloController.index(javax.servlet.http.HttpServletRequest)
2018-07-25 19:23:00.399  INFO 10293 --- [main] s.w.s.m.m.a.RequestMappingHandlerMapping : Mapped "{[/redirect]}" onto public java.lang.String com.gxf.controller.HelloController.redirec()
2018-07-25 19:23:00.404  INFO 10293 --- [main] s.w.s.m.m.a.RequestMappingHandlerMapping : Mapped "{[/error]}" onto public org.springframework.http.ResponseEntity<java.util.Map<java.lang.String, java.lang.Object>> org.springframework.boot.autoconfigure.web.BasicErrorController.error(javax.servlet.http.HttpServletRequest)
2018-07-25 19:23:00.405  INFO 10293 --- [main] s.w.s.m.m.a.RequestMappingHandlerMapping : Mapped "{[/error],produces=[text/html]}" onto public org.springframework.web.servlet.ModelAndView org.springframework.boot.autoconfigure.web.BasicErrorController.errorHtml(javax.servlet.http.HttpServletRequest,javax.servlet.http.HttpServletResponse)
2018-07-25 19:23:00.470  INFO 10293 --- [main] o.s.w.s.handler.SimpleUrlHandlerMapping  : Mapped URL path [/webjars/**] onto handler of type [class org.springframework.web.servlet.resource.ResourceHttpRequestHandler]
2018-07-25 19:23:00.471  INFO 10293 --- [main] o.s.w.s.handler.SimpleUrlHandlerMapping  : Mapped URL path [/**] onto handler of type [class org.springframework.web.servlet.resource.ResourceHttpRequestHandler]
2018-07-25 19:23:00.544  INFO 10293 --- [main] o.s.w.s.handler.SimpleUrlHandlerMapping  : Mapped URL path [/**/favicon.ico] onto handler of type [class org.springframework.web.servlet.resource.ResourceHttpRequestHandler]
2018-07-25 19:23:00.851  INFO 10293 --- [main] o.s.j.e.a.AnnotationMBeanExporter        : Registering beans for JMX exposure on startup
2018-07-25 19:23:00.940  INFO 10293 --- [main] s.b.c.e.t.TomcatEmbeddedServletContainer : Tomcat started on port(s): 8080 (http)
2018-07-25 19:23:00.955  INFO 10293 --- [main] com.gxf.Application                      : Started Application in 3.852 seconds (JVM running for 4.321)
2018-07-25 19:30:38.991  INFO 10293 --- [Thread-3] ationConfigEmbeddedWebApplicationContext : Closing org.springframework.boot.context.embedded.AnnotationConfigEmbeddedWebApplicationContext@15bb6bea: startup date [Wed Jul 25 19:22:57 CST 2018]; root of context hierarchy
2018-07-25 19:30:39.003  INFO 10293 --- [Thread-3] o.s.j.e.a.AnnotationMBeanExporter        : Unregistering JMX-exposed beans on shutdown
2018-07-25 19:30:42.103  INFO 10348 --- [main] com.gxf.Application                      : Starting Application on admindeMacBook-Pro-4.local with PID 10348 (/Users/gxf/IdeaProjects/SpringBootDemo/target/classes started by gxf in /Users/gxf/IdeaProjects/SpringBootDemo)
2018-07-25 19:30:42.107  INFO 10348 --- [main] com.gxf.Application                      : No active profile set, falling back to default profiles: default
2018-07-25 19:30:42.208  INFO 10348 --- [main] ationConfigEmbeddedWebApplicationContext : Refreshing org.springframework.boot.context.embedded.AnnotationConfigEmbeddedWebApplicationContext@15bb6bea: startup date [Wed Jul 25 19:30:42 CST 2018]; root of context hierarchy
2018-07-25 19:30:43.776  INFO 10348 --- [main] s.b.c.e.t.TomcatEmbeddedServletContainer : Tomcat initialized with port(s): 8080 (http)
2018-07-25 19:30:43.788  INFO 10348 --- [main] o.apache.catalina.core.StandardService   : Starting service [Tomcat]
2018-07-25 19:30:43.789  INFO 10348 --- [main] org.apache.catalina.core.StandardEngine  : Starting Servlet Engine: Apache Tomcat/8.5.27
2018-07-25 19:30:43.885  INFO 10348 --- [localhost-startStop-1] o.a.c.c.C.[Tomcat].[localhost].[/]       : Initializing Spring embedded WebApplicationContext
2018-07-25 19:30:43.885  INFO 10348 --- [localhost-startStop-1] o.s.web.context.ContextLoader            : Root WebApplicationContext: initialization completed in 1681 ms
2018-07-25 19:30:44.064  INFO 10348 --- [localhost-startStop-1] o.s.b.w.servlet.ServletRegistrationBean  : Mapping servlet: 'dispatcherServlet' to [/]
2018-07-25 19:30:44.068  INFO 10348 --- [localhost-startStop-1] o.s.b.w.servlet.FilterRegistrationBean   : Mapping filter: 'characterEncodingFilter' to: [/*]
2018-07-25 19:30:44.068  INFO 10348 --- [localhost-startStop-1] o.s.b.w.servlet.FilterRegistrationBean   : Mapping filter: 'hiddenHttpMethodFilter' to: [/*]
2018-07-25 19:30:44.068  INFO 10348 --- [localhost-startStop-1] o.s.b.w.servlet.FilterRegistrationBean   : Mapping filter: 'httpPutFormContentFilter' to: [/*]
2018-07-25 19:30:44.069  INFO 10348 --- [localhost-startStop-1] o.s.b.w.servlet.FilterRegistrationBean   : Mapping filter: 'requestContextFilter' to: [/*]
2018-07-25 19:30:44.693  INFO 10348 --- [main] s.w.s.m.m.a.RequestMappingHandlerAdapter : Looking for @ControllerAdvice: org.springframework.boot.context.embedded.AnnotationConfigEmbeddedWebApplicationContext@15bb6bea: startup date [Wed Jul 25 19:30:42 CST 2018]; root of context hierarchy
2018-07-25 19:30:44.765  INFO 10348 --- [main] s.w.s.m.m.a.RequestMappingHandlerMapping : Mapped "{[/]}" onto public java.lang.String com.gxf.controller.HelloController.index(javax.servlet.http.HttpServletRequest)
2018-07-25 19:30:44.765  INFO 10348 --- [main] s.w.s.m.m.a.RequestMappingHandlerMapping : Mapped "{[/redirect]}" onto public java.lang.String com.gxf.controller.HelloController.redirec()
2018-07-25 19:30:44.768  INFO 10348 --- [main] s.w.s.m.m.a.RequestMappingHandlerMapping : Mapped "{[/error]}" onto public org.springframework.http.ResponseEntity<java.util.Map<java.lang.String, java.lang.Object>> org.springframework.boot.autoconfigure.web.BasicErrorController.error(javax.servlet.http.HttpServletRequest)
2018-07-25 19:30:44.768  INFO 10348 --- [main] s.w.s.m.m.a.RequestMappingHandlerMapping : Mapped "{[/error],produces=[text/html]}" onto public org.springframework.web.servlet.ModelAndView org.springframework.boot.autoconfigure.web.BasicErrorController.errorHtml(javax.servlet.http.HttpServletRequest,javax.servlet.http.HttpServletResponse)
2018-07-25 19:30:44.803  INFO 10348 --- [main] o.s.w.s.handler.SimpleUrlHandlerMapping  : Mapped URL path [/webjars/**] onto handler of type [class org.springframework.web.servlet.resource.ResourceHttpRequestHandler]
2018-07-25 19:30:44.804  INFO 10348 --- [main] o.s.w.s.handler.SimpleUrlHandlerMapping  : Mapped URL path [/**] onto handler of type [class org.springframework.web.servlet.resource.ResourceHttpRequestHandler]
2018-07-25 19:30:44.840  INFO 10348 --- [main] o.s.w.s.handler.SimpleUrlHandlerMapping  : Mapped URL path [/**/favicon.ico] onto handler of type [class org.springframework.web.servlet.resource.ResourceHttpRequestHandler]
2018-07-25 19:30:45.170  INFO 10348 --- [main] o.s.j.e.a.AnnotationMBeanExporter        : Registering beans for JMX exposure on startup
2018-07-25 19:30:45.242  INFO 10348 --- [main] s.b.c.e.t.TomcatEmbeddedServletContainer : Tomcat started on port(s): 8080 (http)
2018-07-25 19:30:45.250  INFO 10348 --- [main] com.gxf.Application                      : Started Application in 3.596 seconds (JVM running for 4.054)
2018-07-25 19:30:45.251  INFO 10348 --- [main] o.s.b.f.xml.XmlBeanDefinitionReader      : Loading XML bean definitions from class path resource [beans.xml]
